C:\USERS\DJQUAM\DOCUMENTS\VISUAL STUDIO 2010\PROJECTS\SUBVERSION_KINECT\DEBUG\SUBVERSION_KINECT.EXE
C:\USERS\DJQUAM\DOCUMENTS\VISUAL STUDIO 2010\PROJECTS\SUBVERSION_KINECT\DEBUG\SUBVERSION_KINECT.ILK
C:\USERS\DJQUAM\DOCUMENTS\VISUAL STUDIO 2010\PROJECTS\SUBVERSION_KINECT\DEBUG\SUBVERSION_KINECT.PDB
C:\Users\djquam\Documents\Visual Studio 2010\Projects\Subversion_Kinect\Subversion_Kinect\Debug\cl.command.1.tlog
C:\Users\djquam\Documents\Visual Studio 2010\Projects\Subversion_Kinect\Subversion_Kinect\Debug\CL.read.1.tlog
C:\Users\djquam\Documents\Visual Studio 2010\Projects\Subversion_Kinect\Subversion_Kinect\Debug\CL.write.1.tlog
C:\Users\djquam\Documents\Visual Studio 2010\Projects\Subversion_Kinect\Subversion_Kinect\Debug\link.command.1.tlog
C:\Users\djquam\Documents\Visual Studio 2010\Projects\Subversion_Kinect\Subversion_Kinect\Debug\link.read.1.tlog
C:\Users\djquam\Documents\Visual Studio 2010\Projects\Subversion_Kinect\Subversion_Kinect\Debug\link.write.1.tlog
C:\Users\djquam\Documents\Visual Studio 2010\Projects\Subversion_Kinect\Subversion_Kinect\Debug\link-cvtres.read.1.tlog
C:\Users\djquam\Documents\Visual Studio 2010\Projects\Subversion_Kinect\Subversion_Kinect\Debug\link-cvtres.write.1.tlog
C:\USERS\DJQUAM\DOCUMENTS\VISUAL STUDIO 2010\PROJECTS\SUBVERSION_KINECT\SUBVERSION_KINECT\DEBUG\MAIN.OBJ
C:\Users\djquam\Documents\Visual Studio 2010\Projects\Subversion_Kinect\Subversion_Kinect\Debug\midl.command.1.tlog
C:\Users\djquam\Documents\Visual Studio 2010\Projects\Subversion_Kinect\Subversion_Kinect\Debug\midl.read.1.tlog
C:\Users\djquam\Documents\Visual Studio 2010\Projects\Subversion_Kinect\Subversion_Kinect\Debug\midl.write.1.tlog
C:\Users\djquam\Documents\Visual Studio 2010\Projects\Subversion_Kinect\Subversion_Kinect\Debug\midl-midlc.read.1.tlog
C:\Users\djquam\Documents\Visual Studio 2010\Projects\Subversion_Kinect\Subversion_Kinect\Debug\midl-midlc.write.1.tlog
C:\Users\djquam\Documents\Visual Studio 2010\Projects\Subversion_Kinect\Subversion_Kinect\Debug\midl-midlc-cl.read.1.tlog
C:\Users\djquam\Documents\Visual Studio 2010\Projects\Subversion_Kinect\Subversion_Kinect\Debug\mt.command.1.tlog
C:\Users\djquam\Documents\Visual Studio 2010\Projects\Subversion_Kinect\Subversion_Kinect\Debug\mt.read.1.tlog
C:\Users\djquam\Documents\Visual Studio 2010\Projects\Subversion_Kinect\Subversion_Kinect\Debug\mt.write.1.tlog
C:\USERS\DJQUAM\DOCUMENTS\VISUAL STUDIO 2010\PROJECTS\SUBVERSION_KINECT\SUBVERSION_KINECT\DEBUG\NITE.RES
C:\USERS\DJQUAM\DOCUMENTS\VISUAL STUDIO 2010\PROJECTS\SUBVERSION_KINECT\SUBVERSION_KINECT\DEBUG\POINTDRAWER.OBJ
C:\Users\djquam\Documents\Visual Studio 2010\Projects\Subversion_Kinect\Subversion_Kinect\Debug\rc.command.1.tlog
C:\Users\djquam\Documents\Visual Studio 2010\Projects\Subversion_Kinect\Subversion_Kinect\Debug\rc.read.1.tlog
C:\Users\djquam\Documents\Visual Studio 2010\Projects\Subversion_Kinect\Subversion_Kinect\Debug\rc.write.1.tlog
C:\USERS\DJQUAM\DOCUMENTS\VISUAL STUDIO 2010\PROJECTS\SUBVERSION_KINECT\SUBVERSION_KINECT\DEBUG\STEREOPLAYER_I.OBJ
C:\USERS\DJQUAM\DOCUMENTS\VISUAL STUDIO 2010\PROJECTS\SUBVERSION_KINECT\SUBVERSION_KINECT\DEBUG\SUBVERSION_KINECT.EXE.EMBED.MANIFEST
C:\USERS\DJQUAM\DOCUMENTS\VISUAL STUDIO 2010\PROJECTS\SUBVERSION_KINECT\SUBVERSION_KINECT\DEBUG\SUBVERSION_KINECT.EXE.EMBED.MANIFEST.RES
C:\USERS\DJQUAM\DOCUMENTS\VISUAL STUDIO 2010\PROJECTS\SUBVERSION_KINECT\SUBVERSION_KINECT\DEBUG\SUBVERSION_KINECT.EXE.INTERMEDIATE.MANIFEST
C:\USERS\DJQUAM\DOCUMENTS\VISUAL STUDIO 2010\PROJECTS\SUBVERSION_KINECT\SUBVERSION_KINECT\DEBUG\SUBVERSION_KINECT.TLB
C:\Users\djquam\Documents\Visual Studio 2010\Projects\Subversion_Kinect\Subversion_Kinect\Debug\Subversion_Kinect_manifest.rc
C:\Users\djquam\Documents\Visual Studio 2010\Projects\Subversion_Kinect\Subversion_Kinect\Debug\vc100.idb
C:\USERS\DJQUAM\DOCUMENTS\VISUAL STUDIO 2010\PROJECTS\SUBVERSION_KINECT\SUBVERSION_KINECT\DEBUG\VC100.PDB
C:\USERS\DJQUAM\DOCUMENTS\VISUAL STUDIO 2010\PROJECTS\SUBVERSION_KINECT\SUBVERSION_KINECT\STEREOPLAYER_H.H
C:\USERS\DJQUAM\DOCUMENTS\VISUAL STUDIO 2010\PROJECTS\SUBVERSION_KINECT\SUBVERSION_KINECT\STEREOPLAYER_I.C
C:\USERS\DJQUAM\DOCUMENTS\VISUAL STUDIO 2010\PROJECTS\SUBVERSION_KINECT\SUBVERSION_KINECT\STEREOPLAYER_P.C
